<?xml version="1.0" encoding="UTF-8"?>
<!-- Generated by org.testng.reporters.JUnitReportReporter -->
<testsuite hostname="apples-MacBook-Air.local" failures="0" tests="18" name="FacilGoLogin.TestCases" time="99.210" errors="0" timestamp="2023-10-24T11:07:38 IST" skipped="0">
  <testcase classname="FacilGoLogin.TestCases" name="testcase23" time="2.199"/>
  <system-out/>
  <testcase classname="FacilGoLogin.TestCases" name="testcase18" time="14.345"/>
  <system-out/>
  <testcase classname="FacilGoLogin.TestCases" name="testcase4" time="5.783"/>
  <system-out/>
  <testcase classname="FacilGoLogin.TestCases" name="testcase10" time="2.519"/>
  <system-out/>
  <testcase classname="FacilGoLogin.TestCases" name="testcase2" time="6.415"/>
  <system-out/>
  <testcase classname="FacilGoLogin.TestCases" name="testcase20" time="2.240"/>
  <system-out/>
  <testcase classname="FacilGoLogin.TestCases" name="testcase14" time="0.161"/>
  <system-out/>
  <testcase classname="FacilGoLogin.TestCases" name="testcase16" time="20.072"/>
  <system-out/>
  <testcase classname="FacilGoLogin.TestCases" name="testcase5" time="5.653"/>
  <system-out/>
  <testcase classname="FacilGoLogin.TestCases" name="testcase15" time="0.129"/>
  <system-out/>
  <testcase classname="FacilGoLogin.TestCases" name="testcase3" time="5.107"/>
  <system-out/>
  <testcase classname="FacilGoLogin.TestCases" name="testcase1" time="2.845"/>
  <system-out/>
  <testcase classname="FacilGoLogin.TestCases" name="testcase19" time="3.135"/>
  <system-out/>
  <testcase classname="FacilGoLogin.TestCases" name="testcase22" time="1.943"/>
  <system-out/>
  <testcase classname="FacilGoLogin.TestCases" name="testcase24" time="7.793"/>
  <system-out/>
  <testcase classname="FacilGoLogin.TestCases" name="testcase25" time="5.080"/>
  <system-out/>
  <testcase classname="FacilGoLogin.TestCases" name="testcase8" time="11.610"/>
  <system-out/>
  <testcase classname="FacilGoLogin.TestCases" name="testcase21" time="2.181"/>
  <system-out/>
</testsuite> <!-- FacilGoLogin.TestCases -->
